[INFO  - 2019-05-23T15:42:47.014Z] GhostDriver - Main - running on port 20863
[INFO  - 2019-05-23T15:42:47.404Z] Session [69f5be80-7d71-11e9-9feb-8b843b21dd82] - page.settings - {"XSSAuditingEnabled":false,"javascriptCanCloseWindows":true,"javascriptCanOpenWindows":true,"javascriptEnabled":true,"loadImages":true,"localToRemoteUrlAccessEnabled":false,"userAgent":"Mozilla/5.0 (Unknown; Linux x86_64) AppleWebKit/538.1 (KHTML, like Gecko) PhantomJS/2.1.1 Safari/538.1","webSecurityEnabled":true}
[INFO  - 2019-05-23T15:42:47.405Z] Session [69f5be80-7d71-11e9-9feb-8b843b21dd82] - page.customHeaders:  - {}
[INFO  - 2019-05-23T15:42:47.405Z] Session [69f5be80-7d71-11e9-9feb-8b843b21dd82] - Session.negotiatedCapabilities - {"browserName":"phantomjs","version":"2.1.1","driverName":"ghostdriver","driverVersion":"1.2.0","platform":"linux-unknown-64bit","javascriptEnabled":true,"takesScreenshot":true,"handlesAlerts":false,"databaseEnabled":false,"locationContextEnabled":false,"applicationCacheEnabled":false,"browserConnectionEnabled":false,"cssSelectorsEnabled":true,"webStorageEnabled":false,"rotatable":false,"acceptSslCerts":false,"nativeEvents":true,"proxy":{"proxyType":"direct"}}
[INFO  - 2019-05-23T15:42:47.405Z] SessionManagerReqHand - _postNewSessionCommand - New Session Created: 69f5be80-7d71-11e9-9feb-8b843b21dd82
[ERROR - 2019-05-23T15:42:48.492Z] WebElementLocator - _handleLocateCommand - Element(s) NOT Found: GAVE UP. Search Stop Time: 1558626168473
[INFO  - 2019-05-23T15:42:48.669Z] GhostDriver - Main - running on port 8351
[INFO  - 2019-05-23T15:42:48.686Z] Session [6ab983b0-7d71-11e9-afcc-7d80fbf3e200] - page.settings - {"XSSAuditingEnabled":false,"javascriptCanCloseWindows":true,"javascriptCanOpenWindows":true,"javascriptEnabled":true,"loadImages":true,"localToRemoteUrlAccessEnabled":false,"userAgent":"Mozilla/5.0 (Unknown; Linux x86_64) AppleWebKit/538.1 (KHTML, like Gecko) PhantomJS/2.1.1 Safari/538.1","webSecurityEnabled":true}
[INFO  - 2019-05-23T15:42:48.686Z] Session [6ab983b0-7d71-11e9-afcc-7d80fbf3e200] - page.customHeaders:  - {}
[INFO  - 2019-05-23T15:42:48.686Z] Session [6ab983b0-7d71-11e9-afcc-7d80fbf3e200] - Session.negotiatedCapabilities - {"browserName":"phantomjs","version":"2.1.1","driverName":"ghostdriver","driverVersion":"1.2.0","platform":"linux-unknown-64bit","javascriptEnabled":true,"takesScreenshot":true,"handlesAlerts":false,"databaseEnabled":false,"locationContextEnabled":false,"applicationCacheEnabled":false,"browserConnectionEnabled":false,"cssSelectorsEnabled":true,"webStorageEnabled":false,"rotatable":false,"acceptSslCerts":false,"nativeEvents":true,"proxy":{"proxyType":"direct"}}
[INFO  - 2019-05-23T15:42:48.686Z] SessionManagerReqHand - _postNewSessionCommand - New Session Created: 6ab983b0-7d71-11e9-afcc-7d80fbf3e200
[ERROR - 2019-05-23T15:42:49.158Z] WebElementLocator - _handleLocateCommand - Element(s) NOT Found: GAVE UP. Search Stop Time: 1558626169139
[INFO  - 2019-05-23T15:44:26.242Z] GhostDriver - Main - running on port 26586
[INFO  - 2019-05-23T15:44:26.425Z] Session [a4fb4d60-7d71-11e9-81ab-31ce2b02a303] - page.settings - {"XSSAuditingEnabled":false,"javascriptCanCloseWindows":true,"javascriptCanOpenWindows":true,"javascriptEnabled":true,"loadImages":true,"localToRemoteUrlAccessEnabled":false,"userAgent":"Mozilla/5.0 (Unknown; Linux x86_64) AppleWebKit/538.1 (KHTML, like Gecko) PhantomJS/2.1.1 Safari/538.1","webSecurityEnabled":true}
[INFO  - 2019-05-23T15:44:26.425Z] Session [a4fb4d60-7d71-11e9-81ab-31ce2b02a303] - page.customHeaders:  - {}
[INFO  - 2019-05-23T15:44:26.425Z] Session [a4fb4d60-7d71-11e9-81ab-31ce2b02a303] - Session.negotiatedCapabilities - {"browserName":"phantomjs","version":"2.1.1","driverName":"ghostdriver","driverVersion":"1.2.0","platform":"linux-unknown-64bit","javascriptEnabled":true,"takesScreenshot":true,"handlesAlerts":false,"databaseEnabled":false,"locationContextEnabled":false,"applicationCacheEnabled":false,"browserConnectionEnabled":false,"cssSelectorsEnabled":true,"webStorageEnabled":false,"rotatable":false,"acceptSslCerts":false,"nativeEvents":true,"proxy":{"proxyType":"direct"}}
[INFO  - 2019-05-23T15:44:26.425Z] SessionManagerReqHand - _postNewSessionCommand - New Session Created: a4fb4d60-7d71-11e9-81ab-31ce2b02a303
[ERROR - 2019-05-23T15:44:27.245Z] WebElementLocator - _handleLocateCommand - Element(s) NOT Found: GAVE UP. Search Stop Time: 1558626267231
[INFO  - 2019-05-23T15:44:27.419Z] GhostDriver - Main - running on port 15360
[INFO  - 2019-05-23T15:44:27.439Z] Session [a59606c0-7d71-11e9-bc09-07d0cb77cc1f] - page.settings - {"XSSAuditingEnabled":false,"javascriptCanCloseWindows":true,"javascriptCanOpenWindows":true,"javascriptEnabled":true,"loadImages":true,"localToRemoteUrlAccessEnabled":false,"userAgent":"Mozilla/5.0 (Unknown; Linux x86_64) AppleWebKit/538.1 (KHTML, like Gecko) PhantomJS/2.1.1 Safari/538.1","webSecurityEnabled":true}
[INFO  - 2019-05-23T15:44:27.439Z] Session [a59606c0-7d71-11e9-bc09-07d0cb77cc1f] - page.customHeaders:  - {}
[INFO  - 2019-05-23T15:44:27.439Z] Session [a59606c0-7d71-11e9-bc09-07d0cb77cc1f] - Session.negotiatedCapabilities - {"browserName":"phantomjs","version":"2.1.1","driverName":"ghostdriver","driverVersion":"1.2.0","platform":"linux-unknown-64bit","javascriptEnabled":true,"takesScreenshot":true,"handlesAlerts":false,"databaseEnabled":false,"locationContextEnabled":false,"applicationCacheEnabled":false,"browserConnectionEnabled":false,"cssSelectorsEnabled":true,"webStorageEnabled":false,"rotatable":false,"acceptSslCerts":false,"nativeEvents":true,"proxy":{"proxyType":"direct"}}
[INFO  - 2019-05-23T15:44:27.439Z] SessionManagerReqHand - _postNewSessionCommand - New Session Created: a59606c0-7d71-11e9-bc09-07d0cb77cc1f
[ERROR - 2019-05-23T15:44:27.925Z] WebElementLocator - _handleLocateCommand - Element(s) NOT Found: GAVE UP. Search Stop Time: 1558626267911
[INFO  - 2019-05-23T15:45:43.951Z] GhostDriver - Main - running on port 10112
[INFO  - 2019-05-23T15:45:44.121Z] Session [d34a7740-7d71-11e9-a649-f392b1f76ec7] - page.settings - {"XSSAuditingEnabled":false,"javascriptCanCloseWindows":true,"javascriptCanOpenWindows":true,"javascriptEnabled":true,"loadImages":true,"localToRemoteUrlAccessEnabled":false,"userAgent":"Mozilla/5.0 (Unknown; Linux x86_64) AppleWebKit/538.1 (KHTML, like Gecko) PhantomJS/2.1.1 Safari/538.1","webSecurityEnabled":true}
[INFO  - 2019-05-23T15:45:44.121Z] Session [d34a7740-7d71-11e9-a649-f392b1f76ec7] - page.customHeaders:  - {}
[INFO  - 2019-05-23T15:45:44.121Z] Session [d34a7740-7d71-11e9-a649-f392b1f76ec7] - Session.negotiatedCapabilities - {"browserName":"phantomjs","version":"2.1.1","driverName":"ghostdriver","driverVersion":"1.2.0","platform":"linux-unknown-64bit","javascriptEnabled":true,"takesScreenshot":true,"handlesAlerts":false,"databaseEnabled":false,"locationContextEnabled":false,"applicationCacheEnabled":false,"browserConnectionEnabled":false,"cssSelectorsEnabled":true,"webStorageEnabled":false,"rotatable":false,"acceptSslCerts":false,"nativeEvents":true,"proxy":{"proxyType":"direct"}}
[INFO  - 2019-05-23T15:45:44.121Z] SessionManagerReqHand - _postNewSessionCommand - New Session Created: d34a7740-7d71-11e9-a649-f392b1f76ec7
[ERROR - 2019-05-23T15:45:44.920Z] WebElementLocator - _handleLocateCommand - Element(s) NOT Found: GAVE UP. Search Stop Time: 1558626344906
[INFO  - 2019-05-23T15:45:45.093Z] GhostDriver - Main - running on port 21386
[INFO  - 2019-05-23T15:45:45.112Z] Session [d3e1fc50-7d71-11e9-8cb5-7f5388048adf] - page.settings - {"XSSAuditingEnabled":false,"javascriptCanCloseWindows":true,"javascriptCanOpenWindows":true,"javascriptEnabled":true,"loadImages":true,"localToRemoteUrlAccessEnabled":false,"userAgent":"Mozilla/5.0 (Unknown; Linux x86_64) AppleWebKit/538.1 (KHTML, like Gecko) PhantomJS/2.1.1 Safari/538.1","webSecurityEnabled":true}
[INFO  - 2019-05-23T15:45:45.112Z] Session [d3e1fc50-7d71-11e9-8cb5-7f5388048adf] - page.customHeaders:  - {}
[INFO  - 2019-05-23T15:45:45.112Z] Session [d3e1fc50-7d71-11e9-8cb5-7f5388048adf] - Session.negotiatedCapabilities - {"browserName":"phantomjs","version":"2.1.1","driverName":"ghostdriver","driverVersion":"1.2.0","platform":"linux-unknown-64bit","javascriptEnabled":true,"takesScreenshot":true,"handlesAlerts":false,"databaseEnabled":false,"locationContextEnabled":false,"applicationCacheEnabled":false,"browserConnectionEnabled":false,"cssSelectorsEnabled":true,"webStorageEnabled":false,"rotatable":false,"acceptSslCerts":false,"nativeEvents":true,"proxy":{"proxyType":"direct"}}
[INFO  - 2019-05-23T15:45:45.112Z] SessionManagerReqHand - _postNewSessionCommand - New Session Created: d3e1fc50-7d71-11e9-8cb5-7f5388048adf
[ERROR - 2019-05-23T15:45:45.568Z] WebElementLocator - _handleLocateCommand - Element(s) NOT Found: GAVE UP. Search Stop Time: 1558626345551
[INFO  - 2019-05-23T15:47:47.506Z] SessionManagerReqHand - _cleanupWindowlessSessions - Asynchronous Sessions clean-up phase starting NOW
[INFO  - 2019-05-23T15:47:48.674Z] SessionManagerReqHand - _cleanupWindowlessSessions - Asynchronous Sessions clean-up phase starting NOW
[INFO  - 2019-05-23T15:49:26.508Z] SessionManagerReqHand - _cleanupWindowlessSessions - Asynchronous Sessions clean-up phase starting NOW
[INFO  - 2019-05-23T15:49:27.507Z] SessionManagerReqHand - _cleanupWindowlessSessions - Asynchronous Sessions clean-up phase starting NOW
[INFO  - 2019-05-23T15:50:43.951Z] SessionManagerReqHand - _cleanupWindowlessSessions - Asynchronous Sessions clean-up phase starting NOW
[INFO  - 2019-05-23T15:50:45.506Z] SessionManagerReqHand - _cleanupWindowlessSessions - Asynchronous Sessions clean-up phase starting NOW
[INFO  - 2019-05-23T15:52:47.506Z] SessionManagerReqHand - _cleanupWindowlessSessions - Asynchronous Sessions clean-up phase starting NOW
[INFO  - 2019-05-23T15:52:48.673Z] SessionManagerReqHand - _cleanupWindowlessSessions - Asynchronous Sessions clean-up phase starting NOW
[INFO  - 2019-05-23T15:54:26.507Z] SessionManagerReqHand - _cleanupWindowlessSessions - Asynchronous Sessions clean-up phase starting NOW
[INFO  - 2019-05-23T15:54:27.506Z] SessionManagerReqHand - _cleanupWindowlessSessions - Asynchronous Sessions clean-up phase starting NOW
[INFO  - 2019-05-23T15:55:43.951Z] SessionManagerReqHand - _cleanupWindowlessSessions - Asynchronous Sessions clean-up phase starting NOW
[INFO  - 2019-05-23T15:55:45.506Z] SessionManagerReqHand - _cleanupWindowlessSessions - Asynchronous Sessions clean-up phase starting NOW
[INFO  - 2019-05-23T15:57:27.908Z] GhostDriver - Main - running on port 32018
[INFO  - 2019-05-23T15:57:28.282Z] Session [77010f60-7d73-11e9-ad13-0b93bac85c61] - page.settings - {"XSSAuditingEnabled":false,"javascriptCanCloseWindows":true,"javascriptCanOpenWindows":true,"javascriptEnabled":true,"loadImages":true,"localToRemoteUrlAccessEnabled":false,"userAgent":"Mozilla/5.0 (Unknown; Linux x86_64) AppleWebKit/538.1 (KHTML, like Gecko) PhantomJS/2.1.1 Safari/538.1","webSecurityEnabled":true}
[INFO  - 2019-05-23T15:57:28.282Z] Session [77010f60-7d73-11e9-ad13-0b93bac85c61] - page.customHeaders:  - {}
[INFO  - 2019-05-23T15:57:28.282Z] Session [77010f60-7d73-11e9-ad13-0b93bac85c61] - Session.negotiatedCapabilities - {"browserName":"phantomjs","version":"2.1.1","driverName":"ghostdriver","driverVersion":"1.2.0","platform":"linux-unknown-64bit","javascriptEnabled":true,"takesScreenshot":true,"handlesAlerts":false,"databaseEnabled":false,"locationContextEnabled":false,"applicationCacheEnabled":false,"browserConnectionEnabled":false,"cssSelectorsEnabled":true,"webStorageEnabled":false,"rotatable":false,"acceptSslCerts":false,"nativeEvents":true,"proxy":{"proxyType":"direct"}}
[INFO  - 2019-05-23T15:57:28.282Z] SessionManagerReqHand - _postNewSessionCommand - New Session Created: 77010f60-7d73-11e9-ad13-0b93bac85c61
[ERROR - 2019-05-23T15:57:29.279Z] WebElementLocator - _handleLocateCommand - Element(s) NOT Found: GAVE UP. Search Stop Time: 1558627049262
[INFO  - 2019-05-23T15:57:29.466Z] GhostDriver - Main - running on port 17213
[INFO  - 2019-05-23T15:57:29.561Z] Session [77c43850-7d73-11e9-8e10-25e0e07b4013] - page.settings - {"XSSAuditingEnabled":false,"javascriptCanCloseWindows":true,"javascriptCanOpenWindows":true,"javascriptEnabled":true,"loadImages":true,"localToRemoteUrlAccessEnabled":false,"userAgent":"Mozilla/5.0 (Unknown; Linux x86_64) AppleWebKit/538.1 (KHTML, like Gecko) PhantomJS/2.1.1 Safari/538.1","webSecurityEnabled":true}
[INFO  - 2019-05-23T15:57:29.561Z] Session [77c43850-7d73-11e9-8e10-25e0e07b4013] - page.customHeaders:  - {}
[INFO  - 2019-05-23T15:57:29.561Z] Session [77c43850-7d73-11e9-8e10-25e0e07b4013] - Session.negotiatedCapabilities - {"browserName":"phantomjs","version":"2.1.1","driverName":"ghostdriver","driverVersion":"1.2.0","platform":"linux-unknown-64bit","javascriptEnabled":true,"takesScreenshot":true,"handlesAlerts":false,"databaseEnabled":false,"locationContextEnabled":false,"applicationCacheEnabled":false,"browserConnectionEnabled":false,"cssSelectorsEnabled":true,"webStorageEnabled":false,"rotatable":false,"acceptSslCerts":false,"nativeEvents":true,"proxy":{"proxyType":"direct"}}
[INFO  - 2019-05-23T15:57:29.562Z] SessionManagerReqHand - _postNewSessionCommand - New Session Created: 77c43850-7d73-11e9-8e10-25e0e07b4013
[ERROR - 2019-05-23T15:57:30.037Z] WebElementLocator - _handleLocateCommand - Element(s) NOT Found: GAVE UP. Search Stop Time: 1558627050016
[INFO  - 2019-05-23T15:57:47.506Z] SessionManagerReqHand - _cleanupWindowlessSessions - Asynchronous Sessions clean-up phase starting NOW
[INFO  - 2019-05-23T15:57:48.673Z] SessionManagerReqHand - _cleanupWindowlessSessions - Asynchronous Sessions clean-up phase starting NOW
[INFO  - 2019-05-23T15:59:26.508Z] SessionManagerReqHand - _cleanupWindowlessSessions - Asynchronous Sessions clean-up phase starting NOW
[INFO  - 2019-05-23T15:59:27.506Z] SessionManagerReqHand - _cleanupWindowlessSessions - Asynchronous Sessions clean-up phase starting NOW
[INFO  - 2019-05-23T16:00:43.951Z] SessionManagerReqHand - _cleanupWindowlessSessions - Asynchronous Sessions clean-up phase starting NOW
[INFO  - 2019-05-23T16:00:45.506Z] SessionManagerReqHand - _cleanupWindowlessSessions - Asynchronous Sessions clean-up phase starting NOW
[INFO  - 2019-05-23T16:02:27.908Z] SessionManagerReqHand - _cleanupWindowlessSessions - Asynchronous Sessions clean-up phase starting NOW
[INFO  - 2019-05-23T16:02:29.506Z] SessionManagerReqHand - _cleanupWindowlessSessions - Asynchronous Sessions clean-up phase starting NOW
[INFO  - 2019-05-23T16:02:47.506Z] SessionManagerReqHand - _cleanupWindowlessSessions - Asynchronous Sessions clean-up phase starting NOW
[INFO  - 2019-05-23T16:02:48.673Z] SessionManagerReqHand - _cleanupWindowlessSessions - Asynchronous Sessions clean-up phase starting NOW
[INFO  - 2019-05-23T16:04:26.508Z] SessionManagerReqHand - _cleanupWindowlessSessions - Asynchronous Sessions clean-up phase starting NOW
[INFO  - 2019-05-23T16:04:27.506Z] SessionManagerReqHand - _cleanupWindowlessSessions - Asynchronous Sessions clean-up phase starting NOW
[INFO  - 2019-05-23T16:05:43.951Z] SessionManagerReqHand - _cleanupWindowlessSessions - Asynchronous Sessions clean-up phase starting NOW
[INFO  - 2019-05-23T16:05:45.506Z] SessionManagerReqHand - _cleanupWindowlessSessions - Asynchronous Sessions clean-up phase starting NOW
[INFO  - 2019-05-23T16:07:27.907Z] SessionManagerReqHand - _cleanupWindowlessSessions - Asynchronous Sessions clean-up phase starting NOW
[INFO  - 2019-05-23T16:07:29.506Z] SessionManagerReqHand - _cleanupWindowlessSessions - Asynchronous Sessions clean-up phase starting NOW
[INFO  - 2019-05-23T16:07:47.507Z] SessionManagerReqHand - _cleanupWindowlessSessions - Asynchronous Sessions clean-up phase starting NOW
[INFO  - 2019-05-23T16:07:48.673Z] SessionManagerReqHand - _cleanupWindowlessSessions - Asynchronous Sessions clean-up phase starting NOW
[INFO  - 2019-05-23T16:09:26.508Z] SessionManagerReqHand - _cleanupWindowlessSessions - Asynchronous Sessions clean-up phase starting NOW
[INFO  - 2019-05-23T16:09:27.508Z] SessionManagerReqHand - _cleanupWindowlessSessions - Asynchronous Sessions clean-up phase starting NOW
